This is pdfTeX, Version 3.1415926-1.40.10 (TeX Live 2009/Debian) (format=latex 2014.7.17)  20 NOV 2015 13:56
entering extended mode
 %&-line parsing enabled.
**../../data/tmp/table_1.tex
(../../data/tmp/table_1.tex
LaTeX2e <2009/09/24>
Babel <v3.8l> and hyphenation patterns for english, usenglishmax, dumylang, noh
yphenation, farsi, arabic, croatian, bulgarian, ukrainian, russian, czech, slov
ak, danish, dutch, finnish, french, basque, ngerman, german, german-x-2009-06-1
9, ngerman-x-2009-06-19, ibycus, monogreek, greek, ancientgreek, hungarian, san
skrit, italian, latin, latvian, lithuanian, mongolian2a, mongolian, bokmal, nyn
orsk, romanian, irish, coptic, serbian, turkish, welsh, esperanto, uppersorbian
, estonian, indonesian, interlingua, icelandic, kurmanji, slovenian, polish, po
rtuguese, spanish, galician, catalan, swedish, ukenglish, pinyin, loaded.
(/usr/share/texmf-texlive/tex/latex/base/article.cls
Document Class: article 2007/10/19 v1.4h Standard LaTeX document class
(/usr/share/texmf-texlive/tex/latex/base/size10.clo
File: size10.clo 2007/10/19 v1.4h Standard LaTeX file (size option)
)
\c@part=\count79
\c@section=\count80
\c@subsection=\count81
\c@subsubsection=\count82
\c@paragraph=\count83
\c@subparagraph=\count84
\c@figure=\count85
\c@table=\count86
\abovecaptionskip=\skip41
\belowcaptionskip=\skip42
\bibindent=\dimen102
)
(/usr/share/texmf-texlive/tex/latex/multirow/multirow.sty
\bigstrutjot=\dimen103
)
(/usr/share/texmf-texlive/tex/latex/tools/array.sty
Package: array 2008/09/09 v2.4c Tabular extension package (FMi)
\col@sep=\dimen104
\extrarowheight=\dimen105
\NC@list=\toks14
\extratabsurround=\skip43
\backup@length=\skip44
)
(/usr/share/texmf-texlive/tex/latex/booktabs/booktabs.sty
Package: booktabs 2005/04/14 v1.61803 publication quality tables
\heavyrulewidth=\dimen106
\lightrulewidth=\dimen107
\cmidrulewidth=\dimen108
\belowrulesep=\dimen109
\belowbottomsep=\dimen110
\aboverulesep=\dimen111
\abovetopsep=\dimen112
\cmidrulesep=\dimen113
\cmidrulekern=\dimen114
\defaultaddspace=\dimen115
\@cmidla=\count87
\@cmidlb=\count88
\@aboverulesep=\dimen116
\@belowrulesep=\dimen117
\@thisruleclass=\count89
\@lastruleclass=\count90
\@thisrulewidth=\dimen118
)
(/usr/share/texmf-texlive/tex/latex/tools/longtable.sty
Package: longtable 2004/02/01 v4.11 Multi-page Table package (DPC)
\LTleft=\skip45
\LTright=\skip46
\LTpre=\skip47
\LTpost=\skip48
\LTchunksize=\count91
\LTcapwidth=\dimen119
\LT@head=\box26
\LT@firsthead=\box27
\LT@foot=\box28
\LT@lastfoot=\box29
\LT@cols=\count92
\LT@rows=\count93
\c@LT@tables=\count94
\c@LT@chunks=\count95
\LT@p@ftn=\toks15
)
(/usr/share/texmf-texlive/tex/latex/threeparttablex/threeparttablex.sty
Package: threeparttablex 2009/08/23 v0.04 by daleif

(/usr/share/texmf-texlive/tex/latex/ltxmisc/threeparttable.sty
Package: threeparttable 2003/06/13  v 3.0
\@tempboxb=\box30
)
(/usr/share/texmf-texlive/tex/latex/environ/environ.sty
Package: environ 2008/06/18 v0.2 A new way to define environments
\@emptytoks=\toks16
\@envbody=\toks17
)
\TPTL@width=\skip49
)
(/usr/share/texmf-texlive/tex/latex/geometry/geometry.sty
Package: geometry 2008/12/21 v4.2 Page Geometry

(/usr/share/texmf-texlive/tex/latex/graphics/keyval.sty
Package: keyval 1999/03/16 v1.13 key=value parser (DPC)
\KV@toks@=\toks18
)
(/usr/share/texmf-texlive/tex/generic/oberdiek/ifpdf.sty
Package: ifpdf 2009/04/10 v2.0 Provides the ifpdf switch (HO)
Package ifpdf Info: pdfTeX in pdf mode not detected.
)
(/usr/share/texmf-texlive/tex/generic/oberdiek/ifvtex.sty
Package: ifvtex 2008/11/04 v1.4 Switches for detecting VTeX and its modes (HO)
Package ifvtex Info: VTeX not detected.
)
\Gm@cnth=\count96
\Gm@cntv=\count97
\c@Gm@tempcnt=\count98
\Gm@bindingoffset=\dimen120
\Gm@wd@mp=\dimen121
\Gm@odd@mp=\dimen122
\Gm@even@mp=\dimen123
\Gm@dimlist=\toks19

(/usr/share/texmf-texlive/tex/xelatex/xetexconfig/geometry.cfg)) (./table_1.aux
)
\openout1 = `table_1.aux'.

LaTeX Font Info:    Checking defaults for OML/cmm/m/it on input line 10.
LaTeX Font Info:    ... okay on input line 10.
LaTeX Font Info:    Checking defaults for T1/cmr/m/n on input line 10.
LaTeX Font Info:    ... okay on input line 10.
LaTeX Font Info:    Checking defaults for OT1/cmr/m/n on input line 10.
LaTeX Font Info:    ... okay on input line 10.
LaTeX Font Info:    Checking defaults for OMS/cmsy/m/n on input line 10.
LaTeX Font Info:    ... okay on input line 10.
LaTeX Font Info:    Checking defaults for OMX/cmex/m/n on input line 10.
LaTeX Font Info:    ... okay on input line 10.
LaTeX Font Info:    Checking defaults for U/cmr/m/n on input line 10.
LaTeX Font Info:    ... okay on input line 10.

*geometry auto-detecting driver*
*geometry detected driver: dvips*
-------------------- Geometry parameters
paper: class default
landscape: --
twocolumn: --
twoside: --
asymmetric: --
h-parts: 36.135pt, 542.02501pt, 36.135pt
v-parts: 72.26999pt, 650.43001pt, 72.26999pt
hmarginratio: --
vmarginratio: --
lines: --
heightrounded: --
bindingoffset: 0.0pt
truedimen: --
includehead: --
includefoot: --
includemp: --
driver: dvips
-------------------- Page layout dimensions and switches
\paperwidth  614.295pt
\paperheight 794.96999pt
\textwidth  542.02501pt
\textheight 650.43001pt
\oddsidemargin  -36.135pt
\evensidemargin -36.135pt
\topmargin  -37.0pt
\headheight 12.0pt
\headsep    25.0pt
\footskip   30.0pt
\marginparwidth 65.0pt
\marginparsep   11.0pt
\columnsep  10.0pt
\skip\footins  9.0pt plus 4.0pt minus 2.0pt
\hoffset 0.0pt
\voffset 0.0pt
\mag 1000

(1in=72.27pt, 1cm=28.45pt)
-----------------------
LaTeX Font Info:    External font `cmex10' loaded for size
(Font)              <7> on input line 26.
LaTeX Font Info:    External font `cmex10' loaded for size
(Font)              <5> on input line 26.

Overfull \hbox (3.56271pt too wide) in paragraph at lines 45--45
[]\OT1/cmr/m/n/10 , 
 []

[1

] [2] [3]
Overfull \hbox (33.91042pt too wide) in paragraph at lines 179--179
[]|[]\OT1/cmr/m/n/10 , 
 []

[4]
Overfull \hbox (33.91042pt too wide) in paragraph at lines 228--228
[]|[]\OT1/cmr/m/n/10 , 
 []

[5] [6] [7] [8] [9] (./table_1.aux) ) 
Here is how much of TeX's memory you used:
 955 strings out of 493849
 13077 string characters out of 1152846
 93944 words of memory out of 3000000
 4272 multiletter control sequences out of 15000+50000
 4294 words of font info for 16 fonts, out of 3000000 for 9000
 714 hyphenation exceptions out of 8191
 23i,11n,28p,301b,281s stack positions out of 5000i,500n,10000p,200000b,50000s

Output written on table_1.dvi (9 pages, 33244 bytes).
